<?xml version="1.0" encoding="UTF-8"?>
<!-- Generated by org.testng.reporters.JUnitReportReporter -->
<testsuite hostname="LIN66008686" failures="0" tests="1" name="Imports.SumValidation" time="1.887" errors="0" timestamp="2022-06-09T17:27:08 IST" skipped="0">
  <testcase classname="Imports.SumValidation" name="Sumvalidation" time="1.887"/>
  <system-out/>
</testsuite> <!-- Imports.SumValidation -->
